This file contains any messages produced by compilers while
running configure, to aid debugging if configure makes a mistake.

It was created by lfs configure 0.1.0, which was
generated by GNU Autoconf 2.69.  Invocation command line was

  $ ./configure --enable-debug

## --------- ##
## Platform. ##
## --------- ##

hostname = linlwpc
uname -m = x86_64
uname -r = 3.19.0-41-generic
uname -s = Linux
uname -v = #46-Ubuntu SMP Fri Dec 4 18:18:11 UTC 2015

/usr/bin/uname -p = unknown
/bin/uname -X     = unknown

/bin/arch              = unknown
/usr/bin/arch -k       = unknown
/usr/convex/getsysinfo = unknown
/usr/bin/hostinfo      = unknown
/bin/machine           = unknown
/usr/bin/oslevel       = unknown
/bin/universe          = unknown

PATH: /usr/local/jdk1.7/bin
PATH: /usr/local/jdk1.7/jre/bin
PATH: /usr/local/jdk1.7
PATH: /usr/local/sbin
PATH: /usr/local/bin
PATH: /usr/sbin
PATH: /usr/bin
PATH: /sbin
PATH: /bin
PATH: /usr/games
PATH: /usr/local/games


## ----------- ##
## Core tests. ##
## ----------- ##

configure:2378: checking for a BSD-compatible install
configure:2446: result: /usr/bin/install -c
configure:2457: checking whether build environment is sane
configure:2512: result: yes
configure:2663: checking for a thread-safe mkdir -p
configure:2702: result: /bin/mkdir -p
configure:2709: checking for gawk
configure:2739: result: no
configure:2709: checking for mawk
configure:2725: found /usr/bin/mawk
configure:2736: result: mawk
configure:2747: checking whether make sets $(MAKE)
configure:2769: result: yes
configure:2798: checking whether make supports nested variables
configure:2815: result: yes
configure:2991: checking for gcc
configure:3007: found /usr/bin/gcc
configure:3018: result: gcc
configure:3247: checking for C compiler version
configure:3256: gcc --version >&5
gcc (Ubuntu 4.9.2-10ubuntu13) 4.9.2
Copyright (C) 2014 Free Software Foundation, Inc.
This is free software; see the source for copying conditions.  There is NO
warranty; not even for MERCHANTABILITY or FITNESS FOR A PARTICULAR PURPOSE.

configure:3267: $? = 0
configure:3256: gcc -v >&5
Using built-in specs.
COLLECT_GCC=gcc
COLLECT_LTO_WRAPPER=/usr/lib/gcc/x86_64-linux-gnu/4.9/lto-wrapper
Target: x86_64-linux-gnu
Configured with: ../src/configure -v --with-pkgversion='Ubuntu 4.9.2-10ubuntu13' --with-bugurl=file:///usr/share/doc/gcc-4.9/README.Bugs --enable-languages=c,c++,java,go,d,fortran,objc,obj-c++ --prefix=/usr --program-suffix=-4.9 --enable-shared --enable-linker-build-id --libexecdir=/usr/lib --without-included-gettext --enable-threads=posix --with-gxx-include-dir=/usr/include/c++/4.9 --libdir=/usr/lib --enable-nls --with-sysroot=/ --enable-clocale=gnu --enable-libstdcxx-debug --enable-libstdcxx-time=yes --enable-gnu-unique-object --disable-vtable-verify --enable-plugin --with-system-zlib --disable-browser-plugin --enable-java-awt=gtk --enable-gtk-cairo --with-java-home=/usr/lib/jvm/java-1.5.0-gcj-4.9-amd64/jre --enable-java-home --with-jvm-root-dir=/usr/lib/jvm/java-1.5.0-gcj-4.9-amd64 --with-jvm-jar-dir=/usr/lib/jvm-exports/java-1.5.0-gcj-4.9-amd64 --with-arch-directory=amd64 --with-ecj-jar=/usr/share/java/eclipse-ecj.jar --enable-objc-gc --enable-multiarch --disable-werror --with-arch-32=i686 --with-abi=m64 --with-multilib-list=m32,m64,mx32 --enable-multilib --with-tune=generic --enable-checking=release --build=x86_64-linux-gnu --host=x86_64-linux-gnu --target=x86_64-linux-gnu
Thread model: posix
gcc version 4.9.2 (Ubuntu 4.9.2-10ubuntu13) 
configure:3267: $? = 0
configure:3256: gcc -V >&5
gcc: error: unrecognized command line option '-V'
gcc: fatal error: no input files
compilation terminated.
configure:3267: $? = 4
configure:3256: gcc -qversion >&5
gcc: error: unrecognized command line option '-qversion'
gcc: fatal error: no input files
compilation terminated.
configure:3267: $? = 4
configure:3287: checking whether the C compiler works
configure:3309: gcc    conftest.c  >&5
configure:3313: $? = 0
configure:3361: result: yes
configure:3364: checking for C compiler default output file name
configure:3366: result: a.out
configure:3372: checking for suffix of executables
configure:3379: gcc -o conftest    conftest.c  >&5
configure:3383: $? = 0
configure:3405: result: 
configure:3427: checking whether we are cross compiling
configure:3435: gcc -o conftest    conftest.c  >&5
configure:3439: $? = 0
configure:3446: ./conftest
configure:3450: $? = 0
configure:3465: result: no
configure:3470: checking for suffix of object files
configure:3492: gcc -c   conftest.c >&5
configure:3496: $? = 0
configure:3517: result: o
configure:3521: checking whether we are using the GNU C compiler
configure:3540: gcc -c   conftest.c >&5
configure:3540: $? = 0
configure:3549: result: yes
configure:3558: checking whether gcc accepts -g
configure:3578: gcc -c -g  conftest.c >&5
configure:3578: $? = 0
configure:3619: result: yes
configure:3636: checking for gcc option to accept ISO C89
configure:3699: gcc  -c -g -O2  conftest.c >&5
configure:3699: $? = 0
configure:3712: result: none needed
configure:3737: checking whether gcc understands -c and -o together
configure:3759: gcc -c conftest.c -o conftest2.o
configure:3762: $? = 0
configure:3759: gcc -c conftest.c -o conftest2.o
configure:3762: $? = 0
configure:3774: result: yes
configure:3802: checking for style of include used by make
configure:3830: result: GNU
configure:3856: checking dependency style of gcc
configure:3967: result: gcc3
configure:4025: checking for ranlib
configure:4041: found /usr/bin/ranlib
configure:4052: result: ranlib
configure:4091: checking for main in -lpthread
configure:4110: gcc -o conftest -g2 -O0 -DDEBUG -Wall   conftest.c -lpthread   >&5
configure:4110: $? = 0
configure:4119: result: yes
configure:4130: checking for main in -levent
configure:4149: gcc -o conftest -g2 -O0 -DDEBUG -Wall   conftest.c -levent  -lpthread  >&5
configure:4149: $? = 0
configure:4158: result: yes
configure:4176: checking how to run the C preprocessor
configure:4207: gcc -E  conftest.c
configure:4207: $? = 0
configure:4221: gcc -E  conftest.c
conftest.c:13:28: fatal error: ac_nonexistent.h: No such file or directory
 #include <ac_nonexistent.h>
                            ^
compilation terminated.
configure:4221: $? = 1
configure: failed program was:
| /* confdefs.h */
| #define PACKAGE_NAME "lfs"
| #define PACKAGE_TARNAME "lfs"
| #define PACKAGE_VERSION "0.1.0"
| #define PACKAGE_STRING "lfs 0.1.0"
| #define PACKAGE_BUGREPORT "linliwen@aliyun.com"
| #define PACKAGE_URL ""
| #define PACKAGE "lfs"
| #define VERSION "0.1.0"
| #define HAVE_LIBPTHREAD 1
| #define HAVE_LIBEVENT 1
| /* end confdefs.h.  */
| #include <ac_nonexistent.h>
configure:4246: result: gcc -E
configure:4266: gcc -E  conftest.c
configure:4266: $? = 0
configure:4280: gcc -E  conftest.c
conftest.c:13:28: fatal error: ac_nonexistent.h: No such file or directory
 #include <ac_nonexistent.h>
                            ^
compilation terminated.
configure:4280: $? = 1
configure: failed program was:
| /* confdefs.h */
| #define PACKAGE_NAME "lfs"
| #define PACKAGE_TARNAME "lfs"
| #define PACKAGE_VERSION "0.1.0"
| #define PACKAGE_STRING "lfs 0.1.0"
| #define PACKAGE_BUGREPORT "linliwen@aliyun.com"
| #define PACKAGE_URL ""
| #define PACKAGE "lfs"
| #define VERSION "0.1.0"
| #define HAVE_LIBPTHREAD 1
| #define HAVE_LIBEVENT 1
| /* end confdefs.h.  */
| #include <ac_nonexistent.h>
configure:4309: checking for grep that handles long lines and -e
configure:4367: result: /bin/grep
configure:4372: checking for egrep
configure:4434: result: /bin/grep -E
configure:4439: checking for ANSI C header files
configure:4459: gcc -c -g2 -O0 -DDEBUG -Wall  conftest.c >&5
configure:4459: $? = 0
configure:4532: gcc -o conftest -g2 -O0 -DDEBUG -Wall   conftest.c -levent -lpthread  >&5
configure:4532: $? = 0
configure:4532: ./conftest
configure:4532: $? = 0
configure:4543: result: yes
configure:4556: checking for sys/types.h
configure:4556: gcc -c -g2 -O0 -DDEBUG -Wall  conftest.c >&5
configure:4556: $? = 0
configure:4556: result: yes
configure:4556: checking for sys/stat.h
configure:4556: gcc -c -g2 -O0 -DDEBUG -Wall  conftest.c >&5
configure:4556: $? = 0
configure:4556: result: yes
configure:4556: checking for stdlib.h
configure:4556: gcc -c -g2 -O0 -DDEBUG -Wall  conftest.c >&5
configure:4556: $? = 0
configure:4556: result: yes
configure:4556: checking for string.h
configure:4556: gcc -c -g2 -O0 -DDEBUG -Wall  conftest.c >&5
configure:4556: $? = 0
configure:4556: result: yes
configure:4556: checking for memory.h
configure:4556: gcc -c -g2 -O0 -DDEBUG -Wall  conftest.c >&5
configure:4556: $? = 0
configure:4556: result: yes
configure:4556: checking for strings.h
configure:4556: gcc -c -g2 -O0 -DDEBUG -Wall  conftest.c >&5
configure:4556: $? = 0
configure:4556: result: yes
configure:4556: checking for inttypes.h
configure:4556: gcc -c -g2 -O0 -DDEBUG -Wall  conftest.c >&5
configure:4556: $? = 0
configure:4556: result: yes
configure:4556: checking for stdint.h
configure:4556: gcc -c -g2 -O0 -DDEBUG -Wall  conftest.c >&5
configure:4556: $? = 0
configure:4556: result: yes
configure:4556: checking for unistd.h
configure:4556: gcc -c -g2 -O0 -DDEBUG -Wall  conftest.c >&5
configure:4556: $? = 0
configure:4556: result: yes
configure:4571: checking fcntl.h usability
configure:4571: gcc -c -g2 -O0 -DDEBUG -Wall  conftest.c >&5
configure:4571: $? = 0
configure:4571: result: yes
configure:4571: checking fcntl.h presence
configure:4571: gcc -E  conftest.c
configure:4571: $? = 0
configure:4571: result: yes
configure:4571: checking for fcntl.h
configure:4571: result: yes
configure:4571: checking limits.h usability
configure:4571: gcc -c -g2 -O0 -DDEBUG -Wall  conftest.c >&5
configure:4571: $? = 0
configure:4571: result: yes
configure:4571: checking limits.h presence
configure:4571: gcc -E  conftest.c
configure:4571: $? = 0
configure:4571: result: yes
configure:4571: checking for limits.h
configure:4571: result: yes
configure:4571: checking stddef.h usability
configure:4571: gcc -c -g2 -O0 -DDEBUG -Wall  conftest.c >&5
configure:4571: $? = 0
configure:4571: result: yes
configure:4571: checking stddef.h presence
configure:4571: gcc -E  conftest.c
configure:4571: $? = 0
configure:4571: result: yes
configure:4571: checking for stddef.h
configure:4571: result: yes
configure:4571: checking for stdint.h
configure:4571: result: yes
configure:4571: checking for stdlib.h
configure:4571: result: yes
configure:4571: checking for string.h
configure:4571: result: yes
configure:4571: checking sys/file.h usability
configure:4571: gcc -c -g2 -O0 -DDEBUG -Wall  conftest.c >&5
configure:4571: $? = 0
configure:4571: result: yes
configure:4571: checking sys/file.h presence
configure:4571: gcc -E  conftest.c
configure:4571: $? = 0
configure:4571: result: yes
configure:4571: checking for sys/file.h
configure:4571: result: yes
configure:4571: checking syslog.h usability
configure:4571: gcc -c -g2 -O0 -DDEBUG -Wall  conftest.c >&5
configure:4571: $? = 0
configure:4571: result: yes
configure:4571: checking syslog.h presence
configure:4571: gcc -E  conftest.c
configure:4571: $? = 0
configure:4571: result: yes
configure:4571: checking for syslog.h
configure:4571: result: yes
configure:4571: checking for unistd.h
configure:4571: result: yes
configure:4583: checking for stdbool.h that conforms to C99
configure:4650: gcc -c -g2 -O0 -DDEBUG -Wall  conftest.c >&5
conftest.c: In function 'main':
conftest.c:81:14: warning: the address of 's' will always evaluate as 'true' [-Waddress]
              bool e = &s;
              ^
conftest.c:85:22: warning: the address of 'a' will always evaluate as 'true' [-Waddress]
              return (!a + !b + !c + !d + !e + !f + !g + !h + !i + !!j + !k + !!l
                      ^
conftest.c:85:27: warning: the address of 'b' will always evaluate as 'true' [-Waddress]
              return (!a + !b + !c + !d + !e + !f + !g + !h + !i + !!j + !k + !!l
                           ^
conftest.c:85:32: warning: the address of 'c' will always evaluate as 'true' [-Waddress]
              return (!a + !b + !c + !d + !e + !f + !g + !h + !i + !!j + !k + !!l
                                ^
conftest.c:85:37: warning: the address of 'd' will always evaluate as 'true' [-Waddress]
              return (!a + !b + !c + !d + !e + !f + !g + !h + !i + !!j + !k + !!l
                                     ^
conftest.c:85:47: warning: the address of 'f' will always evaluate as 'true' [-Waddress]
              return (!a + !b + !c + !d + !e + !f + !g + !h + !i + !!j + !k + !!l
                                               ^
conftest.c:85:52: warning: the address of 'g' will always evaluate as 'true' [-Waddress]
              return (!a + !b + !c + !d + !e + !f + !g + !h + !i + !!j + !k + !!l
                                                    ^
conftest.c:85:57: warning: the address of 'h' will always evaluate as 'true' [-Waddress]
              return (!a + !b + !c + !d + !e + !f + !g + !h + !i + !!j + !k + !!l
                                                         ^
conftest.c:85:62: warning: the address of 'i' will always evaluate as 'true' [-Waddress]
              return (!a + !b + !c + !d + !e + !f + !g + !h + !i + !!j + !k + !!l
                                                              ^
conftest.c:86:29: warning: the address of 'n' will always evaluate as 'true' [-Waddress]
                             ^
conftest.c:86:34: warning: the address of 'o' will always evaluate as 'true' [-Waddress]
                                  ^
conftest.c:86:39: warning: the address of 'p' will always evaluate as 'true' [-Waddress]
                                       ^
configure:4650: $? = 0
configure:4657: result: yes
configure:4659: checking for _Bool
configure:4659: gcc -c -g2 -O0 -DDEBUG -Wall  conftest.c >&5
configure:4659: $? = 0
configure:4659: gcc -c -g2 -O0 -DDEBUG -Wall  conftest.c >&5
conftest.c: In function 'main':
conftest.c:68:20: error: expected expression before ')' token
 if (sizeof ((_Bool)))
                    ^
configure:4659: $? = 1
configure: failed program was:
| /* confdefs.h */
| #define PACKAGE_NAME "lfs"
| #define PACKAGE_TARNAME "lfs"
| #define PACKAGE_VERSION "0.1.0"
| #define PACKAGE_STRING "lfs 0.1.0"
| #define PACKAGE_BUGREPORT "linliwen@aliyun.com"
| #define PACKAGE_URL ""
| #define PACKAGE "lfs"
| #define VERSION "0.1.0"
| #define HAVE_LIBPTHREAD 1
| #define HAVE_LIBEVENT 1
| #define STDC_HEADERS 1
| #define HAVE_SYS_TYPES_H 1
| #define HAVE_SYS_STAT_H 1
| #define HAVE_STDLIB_H 1
| #define HAVE_STRING_H 1
| #define HAVE_MEMORY_H 1
| #define HAVE_STRINGS_H 1
| #define HAVE_INTTYPES_H 1
| #define HAVE_STDINT_H 1
| #define HAVE_UNISTD_H 1
| #define HAVE_FCNTL_H 1
| #define HAVE_LIMITS_H 1
| #define HAVE_STDDEF_H 1
| #define HAVE_STDINT_H 1
| #define HAVE_STDLIB_H 1
| #define HAVE_STRING_H 1
| #define HAVE_SYS_FILE_H 1
| #define HAVE_SYSLOG_H 1
| #define HAVE_UNISTD_H 1
| /* end confdefs.h.  */
| #include <stdio.h>
| #ifdef HAVE_SYS_TYPES_H
| # include <sys/types.h>
| #endif
| #ifdef HAVE_SYS_STAT_H
| # include <sys/stat.h>
| #endif
| #ifdef STDC_HEADERS
| # include <stdlib.h>
| # include <stddef.h>
| #else
| # ifdef HAVE_STDLIB_H
| #  include <stdlib.h>
| # endif
| #endif
| #ifdef HAVE_STRING_H
| # if !defined STDC_HEADERS && defined HAVE_MEMORY_H
| #  include <memory.h>
| # endif
| # include <string.h>
| #endif
| #ifdef HAVE_STRINGS_H
| # include <strings.h>
| #endif
| #ifdef HAVE_INTTYPES_H
| # include <inttypes.h>
| #endif
| #ifdef HAVE_STDINT_H
| # include <stdint.h>
| #endif
| #ifdef HAVE_UNISTD_H
| # include <unistd.h>
| #endif
| int
| main ()
| {
| if (sizeof ((_Bool)))
| 	    return 0;
|   ;
|   return 0;
| }
configure:4659: result: yes
configure:4670: checking for inline
configure:4686: gcc -c -g2 -O0 -DDEBUG -Wall  conftest.c >&5
configure:4686: $? = 0
configure:4694: result: inline
configure:4712: checking for int8_t
configure:4712: gcc -c -g2 -O0 -DDEBUG -Wall  conftest.c >&5
configure:4712: $? = 0
configure:4712: gcc -c -g2 -O0 -DDEBUG -Wall  conftest.c >&5
conftest.c: In function 'main':
conftest.c:70:12: error: size of array 'test_array' is negative
 static int test_array [1 - 2 * !((int8_t) (((((int8_t) 1 << N) << N) - 1) * 2 + 1)
            ^
configure:4712: $? = 1
configure: failed program was:
| /* confdefs.h */
| #define PACKAGE_NAME "lfs"
| #define PACKAGE_TARNAME "lfs"
| #define PACKAGE_VERSION "0.1.0"
| #define PACKAGE_STRING "lfs 0.1.0"
| #define PACKAGE_BUGREPORT "linliwen@aliyun.com"
| #define PACKAGE_URL ""
| #define PACKAGE "lfs"
| #define VERSION "0.1.0"
| #define HAVE_LIBPTHREAD 1
| #define HAVE_LIBEVENT 1
| #define STDC_HEADERS 1
| #define HAVE_SYS_TYPES_H 1
| #define HAVE_SYS_STAT_H 1
| #define HAVE_STDLIB_H 1
| #define HAVE_STRING_H 1
| #define HAVE_MEMORY_H 1
| #define HAVE_STRINGS_H 1
| #define HAVE_INTTYPES_H 1
| #define HAVE_STDINT_H 1
| #define HAVE_UNISTD_H 1
| #define HAVE_FCNTL_H 1
| #define HAVE_LIMITS_H 1
| #define HAVE_STDDEF_H 1
| #define HAVE_STDINT_H 1
| #define HAVE_STDLIB_H 1
| #define HAVE_STRING_H 1
| #define HAVE_SYS_FILE_H 1
| #define HAVE_SYSLOG_H 1
| #define HAVE_UNISTD_H 1
| #define HAVE__BOOL 1
| /* end confdefs.h.  */
| #include <stdio.h>
| #ifdef HAVE_SYS_TYPES_H
| # include <sys/types.h>
| #endif
| #ifdef HAVE_SYS_STAT_H
| # include <sys/stat.h>
| #endif
| #ifdef STDC_HEADERS
| # include <stdlib.h>
| # include <stddef.h>
| #else
| # ifdef HAVE_STDLIB_H
| #  include <stdlib.h>
| # endif
| #endif
| #ifdef HAVE_STRING_H
| # if !defined STDC_HEADERS && defined HAVE_MEMORY_H
| #  include <memory.h>
| # endif
| # include <string.h>
| #endif
| #ifdef HAVE_STRINGS_H
| # include <strings.h>
| #endif
| #ifdef HAVE_INTTYPES_H
| # include <inttypes.h>
| #endif
| #ifdef HAVE_STDINT_H
| # include <stdint.h>
| #endif
| #ifdef HAVE_UNISTD_H
| # include <unistd.h>
| #endif
| 	        enum { N = 8 / 2 - 1 };
| int
| main ()
| {
| static int test_array [1 - 2 * !((int8_t) (((((int8_t) 1 << N) << N) - 1) * 2 + 1)
| 		 < (int8_t) (((((int8_t) 1 << N) << N) - 1) * 2 + 2))];
| test_array [0] = 0;
| return test_array [0];
| 
|   ;
|   return 0;
| }
configure:4712: result: yes
configure:4723: checking for off_t
configure:4723: gcc -c -g2 -O0 -DDEBUG -Wall  conftest.c >&5
configure:4723: $? = 0
configure:4723: gcc -c -g2 -O0 -DDEBUG -Wall  conftest.c >&5
conftest.c: In function 'main':
conftest.c:69:20: error: expected expression before ')' token
 if (sizeof ((off_t)))
                    ^
configure:4723: $? = 1
configure: failed program was:
| /* confdefs.h */
| #define PACKAGE_NAME "lfs"
| #define PACKAGE_TARNAME "lfs"
| #define PACKAGE_VERSION "0.1.0"
| #define PACKAGE_STRING "lfs 0.1.0"
| #define PACKAGE_BUGREPORT "linliwen@aliyun.com"
| #define PACKAGE_URL ""
| #define PACKAGE "lfs"
| #define VERSION "0.1.0"
| #define HAVE_LIBPTHREAD 1
| #define HAVE_LIBEVENT 1
| #define STDC_HEADERS 1
| #define HAVE_SYS_TYPES_H 1
| #define HAVE_SYS_STAT_H 1
| #define HAVE_STDLIB_H 1
| #define HAVE_STRING_H 1
| #define HAVE_MEMORY_H 1
| #define HAVE_STRINGS_H 1
| #define HAVE_INTTYPES_H 1
| #define HAVE_STDINT_H 1
| #define HAVE_UNISTD_H 1
| #define HAVE_FCNTL_H 1
| #define HAVE_LIMITS_H 1
| #define HAVE_STDDEF_H 1
| #define HAVE_STDINT_H 1
| #define HAVE_STDLIB_H 1
| #define HAVE_STRING_H 1
| #define HAVE_SYS_FILE_H 1
| #define HAVE_SYSLOG_H 1
| #define HAVE_UNISTD_H 1
| #define HAVE__BOOL 1
| /* end confdefs.h.  */
| #include <stdio.h>
| #ifdef HAVE_SYS_TYPES_H
| # include <sys/types.h>
| #endif
| #ifdef HAVE_SYS_STAT_H
| # include <sys/stat.h>
| #endif
| #ifdef STDC_HEADERS
| # include <stdlib.h>
| # include <stddef.h>
| #else
| # ifdef HAVE_STDLIB_H
| #  include <stdlib.h>
| # endif
| #endif
| #ifdef HAVE_STRING_H
| # if !defined STDC_HEADERS && defined HAVE_MEMORY_H
| #  include <memory.h>
| # endif
| # include <string.h>
| #endif
| #ifdef HAVE_STRINGS_H
| # include <strings.h>
| #endif
| #ifdef HAVE_INTTYPES_H
| # include <inttypes.h>
| #endif
| #ifdef HAVE_STDINT_H
| # include <stdint.h>
| #endif
| #ifdef HAVE_UNISTD_H
| # include <unistd.h>
| #endif
| int
| main ()
| {
| if (sizeof ((off_t)))
| 	    return 0;
|   ;
|   return 0;
| }
configure:4723: result: yes
configure:4734: checking for size_t
configure:4734: gcc -c -g2 -O0 -DDEBUG -Wall  conftest.c >&5
configure:4734: $? = 0
configure:4734: gcc -c -g2 -O0 -DDEBUG -Wall  conftest.c >&5
conftest.c: In function 'main':
conftest.c:69:21: error: expected expression before ')' token
 if (sizeof ((size_t)))
                     ^
configure:4734: $? = 1
configure: failed program was:
| /* confdefs.h */
| #define PACKAGE_NAME "lfs"
| #define PACKAGE_TARNAME "lfs"
| #define PACKAGE_VERSION "0.1.0"
| #define PACKAGE_STRING "lfs 0.1.0"
| #define PACKAGE_BUGREPORT "linliwen@aliyun.com"
| #define PACKAGE_URL ""
| #define PACKAGE "lfs"
| #define VERSION "0.1.0"
| #define HAVE_LIBPTHREAD 1
| #define HAVE_LIBEVENT 1
| #define STDC_HEADERS 1
| #define HAVE_SYS_TYPES_H 1
| #define HAVE_SYS_STAT_H 1
| #define HAVE_STDLIB_H 1
| #define HAVE_STRING_H 1
| #define HAVE_MEMORY_H 1
| #define HAVE_STRINGS_H 1
| #define HAVE_INTTYPES_H 1
| #define HAVE_STDINT_H 1
| #define HAVE_UNISTD_H 1
| #define HAVE_FCNTL_H 1
| #define HAVE_LIMITS_H 1
| #define HAVE_STDDEF_H 1
| #define HAVE_STDINT_H 1
| #define HAVE_STDLIB_H 1
| #define HAVE_STRING_H 1
| #define HAVE_SYS_FILE_H 1
| #define HAVE_SYSLOG_H 1
| #define HAVE_UNISTD_H 1
| #define HAVE__BOOL 1
| /* end confdefs.h.  */
| #include <stdio.h>
| #ifdef HAVE_SYS_TYPES_H
| # include <sys/types.h>
| #endif
| #ifdef HAVE_SYS_STAT_H
| # include <sys/stat.h>
| #endif
| #ifdef STDC_HEADERS
| # include <stdlib.h>
| # include <stddef.h>
| #else
| # ifdef HAVE_STDLIB_H
| #  include <stdlib.h>
| # endif
| #endif
| #ifdef HAVE_STRING_H
| # if !defined STDC_HEADERS && defined HAVE_MEMORY_H
| #  include <memory.h>
| # endif
| # include <string.h>
| #endif
| #ifdef HAVE_STRINGS_H
| # include <strings.h>
| #endif
| #ifdef HAVE_INTTYPES_H
| # include <inttypes.h>
| #endif
| #ifdef HAVE_STDINT_H
| # include <stdint.h>
| #endif
| #ifdef HAVE_UNISTD_H
| # include <unistd.h>
| #endif
| int
| main ()
| {
| if (sizeof ((size_t)))
| 	    return 0;
|   ;
|   return 0;
| }
configure:4734: result: yes
configure:4745: checking for uint16_t
configure:4745: gcc -c -g2 -O0 -DDEBUG -Wall  conftest.c >&5
configure:4745: $? = 0
configure:4745: result: yes
configure:4757: checking for uint32_t
configure:4757: gcc -c -g2 -O0 -DDEBUG -Wall  conftest.c >&5
configure:4757: $? = 0
configure:4757: result: yes
configure:4771: checking for uint8_t
configure:4771: gcc -c -g2 -O0 -DDEBUG -Wall  conftest.c >&5
configure:4771: $? = 0
configure:4771: result: yes
configure:4789: checking for stdlib.h
configure:4789: result: yes
configure:4799: checking for GNU libc compatible malloc
configure:4823: gcc -o conftest -g2 -O0 -DDEBUG -Wall   conftest.c -levent -lpthread  >&5
configure:4823: $? = 0
configure:4823: ./conftest
configure:4823: $? = 0
configure:4833: result: yes
configure:4856: checking for stdlib.h
configure:4856: result: yes
configure:4866: checking for GNU libc compatible realloc
configure:4890: gcc -o conftest -g2 -O0 -DDEBUG -Wall   conftest.c -levent -lpthread  >&5
configure:4890: $? = 0
configure:4890: ./conftest
configure:4890: $? = 0
configure:4900: result: yes
configure:4924: checking for localtime_r
configure:4924: gcc -o conftest -g2 -O0 -DDEBUG -Wall   conftest.c -levent -lpthread  >&5
configure:4924: $? = 0
configure:4924: result: yes
configure:4924: checking for memset
configure:4924: gcc -o conftest -g2 -O0 -DDEBUG -Wall   conftest.c -levent -lpthread  >&5
conftest.c:61:6: warning: conflicting types for built-in function 'memset'
 char memset ();
      ^
configure:4924: $? = 0
configure:4924: result: yes
configure:4924: checking for mkdir
configure:4924: gcc -o conftest -g2 -O0 -DDEBUG -Wall   conftest.c -levent -lpthread  >&5
configure:4924: $? = 0
configure:4924: result: yes
configure:4924: checking for strchr
configure:4924: gcc -o conftest -g2 -O0 -DDEBUG -Wall   conftest.c -levent -lpthread  >&5
conftest.c:63:6: warning: conflicting types for built-in function 'strchr'
 char strchr ();
      ^
configure:4924: $? = 0
configure:4924: result: yes
configure:4924: checking for strerror
configure:4924: gcc -o conftest -g2 -O0 -DDEBUG -Wall   conftest.c -levent -lpthread  >&5
configure:4924: $? = 0
configure:4924: result: yes
configure:5045: checking that generated files are newer than configure
configure:5051: result: done
configure:5074: creating ./config.status

## ---------------------- ##
## Running config.status. ##
## ---------------------- ##

This file was extended by lfs config.status 0.1.0, which was
generated by GNU Autoconf 2.69.  Invocation command line was

  CONFIG_FILES    = 
  CONFIG_HEADERS  = 
  CONFIG_LINKS    = 
  CONFIG_COMMANDS = 
  $ ./config.status 

on linlwpc

config.status:882: creating Makefile
config.status:882: creating src/Makefile
config.status:882: creating src/common/Makefile
config.status:882: creating src/dataserver/Makefile
config.status:882: creating src/trackerserver/Makefile
config.status:882: creating test/Makefile
config.status:882: creating test/common/Makefile
config.status:882: creating test/dataserver/Makefile
config.status:882: creating test/trackerserver/Makefile
config.status:882: creating config.h
config.status:1063: config.h is unchanged
config.status:1111: executing depfiles commands

## ---------------- ##
## Cache variables. ##
## ---------------- ##

ac_cv_c_compiler_gnu=yes
ac_cv_c_inline=inline
ac_cv_c_int8_t=yes
ac_cv_c_uint16_t=yes
ac_cv_c_uint32_t=yes
ac_cv_c_uint8_t=yes
ac_cv_env_CC_set=
ac_cv_env_CC_value=
ac_cv_env_CFLAGS_set=
ac_cv_env_CFLAGS_value=
ac_cv_env_CPPFLAGS_set=
ac_cv_env_CPPFLAGS_value=
ac_cv_env_CPP_set=
ac_cv_env_CPP_value=
ac_cv_env_LDFLAGS_set=
ac_cv_env_LDFLAGS_value=
ac_cv_env_LIBS_set=
ac_cv_env_LIBS_value=
ac_cv_env_build_alias_set=
ac_cv_env_build_alias_value=
ac_cv_env_host_alias_set=
ac_cv_env_host_alias_value=
ac_cv_env_target_alias_set=
ac_cv_env_target_alias_value=
ac_cv_func_localtime_r=yes
ac_cv_func_malloc_0_nonnull=yes
ac_cv_func_memset=yes
ac_cv_func_mkdir=yes
ac_cv_func_realloc_0_nonnull=yes
ac_cv_func_strchr=yes
ac_cv_func_strerror=yes
ac_cv_header_fcntl_h=yes
ac_cv_header_inttypes_h=yes
ac_cv_header_limits_h=yes
ac_cv_header_memory_h=yes
ac_cv_header_stdbool_h=yes
ac_cv_header_stdc=yes
ac_cv_header_stddef_h=yes
ac_cv_header_stdint_h=yes
ac_cv_header_stdlib_h=yes
ac_cv_header_string_h=yes
ac_cv_header_strings_h=yes
ac_cv_header_sys_file_h=yes
ac_cv_header_sys_stat_h=yes
ac_cv_header_sys_types_h=yes
ac_cv_header_syslog_h=yes
ac_cv_header_unistd_h=yes
ac_cv_lib_event_main=yes
ac_cv_lib_pthread_main=yes
ac_cv_objext=o
ac_cv_path_EGREP='/bin/grep -E'
ac_cv_path_GREP=/bin/grep
ac_cv_path_install='/usr/bin/install -c'
ac_cv_path_mkdir=/bin/mkdir
ac_cv_prog_AWK=mawk
ac_cv_prog_CPP='gcc -E'
ac_cv_prog_ac_ct_CC=gcc
ac_cv_prog_ac_ct_RANLIB=ranlib
ac_cv_prog_cc_c89=
ac_cv_prog_cc_g=yes
ac_cv_prog_make_make_set=yes
ac_cv_type__Bool=yes
ac_cv_type_off_t=yes
ac_cv_type_size_t=yes
am_cv_CC_dependencies_compiler_type=gcc3
am_cv_make_support_nested_variables=yes
am_cv_prog_cc_c_o=yes

## ----------------- ##
## Output variables. ##
## ----------------- ##

ACLOCAL='${SHELL} /home/linlw/workspace/lfs/missing aclocal-1.14'
AMDEPBACKSLASH='\'
AMDEP_FALSE='#'
AMDEP_TRUE=''
AMTAR='$${TAR-tar}'
AM_BACKSLASH='\'
AM_DEFAULT_V='$(AM_DEFAULT_VERBOSITY)'
AM_DEFAULT_VERBOSITY='1'
AM_V='$(V)'
AUTOCONF='${SHELL} /home/linlw/workspace/lfs/missing autoconf'
AUTOHEADER='${SHELL} /home/linlw/workspace/lfs/missing autoheader'
AUTOMAKE='${SHELL} /home/linlw/workspace/lfs/missing automake-1.14'
AWK='mawk'
CC='gcc'
CCDEPMODE='depmode=gcc3'
CFLAGS='-g2 -O0 -DDEBUG -Wall'
CPP='gcc -E'
CPPFLAGS=''
CYGPATH_W='echo'
DEFS='-DHAVE_CONFIG_H'
DEPDIR='.deps'
ECHO_C=''
ECHO_N='-n'
ECHO_T=''
EGREP='/bin/grep -E'
EXEEXT=''
GREP='/bin/grep'
INSTALL_DATA='${INSTALL} -m 644'
INSTALL_PROGRAM='${INSTALL}'
INSTALL_SCRIPT='${INSTALL}'
INSTALL_STRIP_PROGRAM='$(install_sh) -c -s'
LDFLAGS=''
LIBOBJS=''
LIBS='-levent -lpthread '
LTLIBOBJS=''
MAKEINFO='${SHELL} /home/linlw/workspace/lfs/missing makeinfo'
MKDIR_P='/bin/mkdir -p'
OBJEXT='o'
PACKAGE='lfs'
PACKAGE_BUGREPORT='linliwen@aliyun.com'
PACKAGE_NAME='lfs'
PACKAGE_STRING='lfs 0.1.0'
PACKAGE_TARNAME='lfs'
PACKAGE_URL=''
PACKAGE_VERSION='0.1.0'
PATH_SEPARATOR=':'
RANLIB='ranlib'
SET_MAKE=''
SHELL='/bin/bash'
STRIP=''
VERSION='0.1.0'
ac_ct_CC='gcc'
am__EXEEXT_FALSE=''
am__EXEEXT_TRUE='#'
am__fastdepCC_FALSE='#'
am__fastdepCC_TRUE=''
am__include='include'
am__isrc=''
am__leading_dot='.'
am__nodep='_no'
am__quote=''
am__tar='$${TAR-tar} chof - "$$tardir"'
am__untar='$${TAR-tar} xf -'
bindir='${exec_prefix}/bin'
build_alias=''
datadir='${datarootdir}'
datarootdir='${prefix}/share'
docdir='${datarootdir}/doc/${PACKAGE_TARNAME}'
dvidir='${docdir}'
exec_prefix='${prefix}'
host_alias=''
htmldir='${docdir}'
includedir='${prefix}/include'
infodir='${datarootdir}/info'
install_sh='${SHELL} /home/linlw/workspace/lfs/install-sh'
libdir='${exec_prefix}/lib'
libexecdir='${exec_prefix}/libexec'
localedir='${datarootdir}/locale'
localstatedir='${prefix}/var'
mandir='${datarootdir}/man'
mkdir_p='$(MKDIR_P)'
oldincludedir='/usr/include'
pdfdir='${docdir}'
prefix='/usr/local'
program_transform_name='s,x,x,'
psdir='${docdir}'
sbindir='${exec_prefix}/sbin'
sharedstatedir='${prefix}/com'
sysconfdir='${prefix}/etc'
target_alias=''

## ----------- ##
## confdefs.h. ##
## ----------- ##

/* confdefs.h */
#define PACKAGE_NAME "lfs"
#define PACKAGE_TARNAME "lfs"
#define PACKAGE_VERSION "0.1.0"
#define PACKAGE_STRING "lfs 0.1.0"
#define PACKAGE_BUGREPORT "linliwen@aliyun.com"
#define PACKAGE_URL ""
#define PACKAGE "lfs"
#define VERSION "0.1.0"
#define HAVE_LIBPTHREAD 1
#define HAVE_LIBEVENT 1
#define STDC_HEADERS 1
#define HAVE_SYS_TYPES_H 1
#define HAVE_SYS_STAT_H 1
#define HAVE_STDLIB_H 1
#define HAVE_STRING_H 1
#define HAVE_MEMORY_H 1
#define HAVE_STRINGS_H 1
#define HAVE_INTTYPES_H 1
#define HAVE_STDINT_H 1
#define HAVE_UNISTD_H 1
#define HAVE_FCNTL_H 1
#define HAVE_LIMITS_H 1
#define HAVE_STDDEF_H 1
#define HAVE_STDINT_H 1
#define HAVE_STDLIB_H 1
#define HAVE_STRING_H 1
#define HAVE_SYS_FILE_H 1
#define HAVE_SYSLOG_H 1
#define HAVE_UNISTD_H 1
#define HAVE__BOOL 1
#define HAVE_STDLIB_H 1
#define HAVE_MALLOC 1
#define HAVE_STDLIB_H 1
#define HAVE_REALLOC 1
#define HAVE_LOCALTIME_R 1
#define HAVE_MEMSET 1
#define HAVE_MKDIR 1
#define HAVE_STRCHR 1
#define HAVE_STRERROR 1

configure: exit 0

## ---------------------- ##
## Running config.status. ##
## ---------------------- ##

This file was extended by lfs config.status 0.1.0, which was
generated by GNU Autoconf 2.69.  Invocation command line was

  CONFIG_FILES    = 
  CONFIG_HEADERS  = 
  CONFIG_LINKS    = 
  CONFIG_COMMANDS = 
  $ ./config.status Makefile

on linlwpc

config.status:882: creating Makefile

## ---------------------- ##
## Running config.status. ##
## ---------------------- ##

This file was extended by lfs config.status 0.1.0, which was
generated by GNU Autoconf 2.69.  Invocation command line was

  CONFIG_FILES    = 
  CONFIG_HEADERS  = 
  CONFIG_LINKS    = 
  CONFIG_COMMANDS = 
  $ ./config.status src/Makefile

on linlwpc

config.status:882: creating src/Makefile

## ---------------------- ##
## Running config.status. ##
## ---------------------- ##

This file was extended by lfs config.status 0.1.0, which was
generated by GNU Autoconf 2.69.  Invocation command line was

  CONFIG_FILES    = 
  CONFIG_HEADERS  = 
  CONFIG_LINKS    = 
  CONFIG_COMMANDS = 
  $ ./config.status src/common/Makefile depfiles

on linlwpc

config.status:882: creating src/common/Makefile
config.status:1111: executing depfiles commands

## ---------------------- ##
## Running config.status. ##
## ---------------------- ##

This file was extended by lfs config.status 0.1.0, which was
generated by GNU Autoconf 2.69.  Invocation command line was

  CONFIG_FILES    = 
  CONFIG_HEADERS  = 
  CONFIG_LINKS    = 
  CONFIG_COMMANDS = 
  $ ./config.status src/dataserver/Makefile depfiles

on linlwpc

config.status:882: creating src/dataserver/Makefile
config.status:1111: executing depfiles commands

## ---------------------- ##
## Running config.status. ##
## ---------------------- ##

This file was extended by lfs config.status 0.1.0, which was
generated by GNU Autoconf 2.69.  Invocation command line was

  CONFIG_FILES    = 
  CONFIG_HEADERS  = 
  CONFIG_LINKS    = 
  CONFIG_COMMANDS = 
  $ ./config.status src/trackerserver/Makefile depfiles

on linlwpc

config.status:882: creating src/trackerserver/Makefile
config.status:1111: executing depfiles commands

## ---------------------- ##
## Running config.status. ##
## ---------------------- ##

This file was extended by lfs config.status 0.1.0, which was
generated by GNU Autoconf 2.69.  Invocation command line was

  CONFIG_FILES    = 
  CONFIG_HEADERS  = 
  CONFIG_LINKS    = 
  CONFIG_COMMANDS = 
  $ ./config.status test/Makefile

on linlwpc

config.status:882: creating test/Makefile

## ---------------------- ##
## Running config.status. ##
## ---------------------- ##

This file was extended by lfs config.status 0.1.0, which was
generated by GNU Autoconf 2.69.  Invocation command line was

  CONFIG_FILES    = 
  CONFIG_HEADERS  = 
  CONFIG_LINKS    = 
  CONFIG_COMMANDS = 
  $ ./config.status test/common/Makefile depfiles

on linlwpc

config.status:882: creating test/common/Makefile
config.status:1111: executing depfiles commands

## ---------------------- ##
## Running config.status. ##
## ---------------------- ##

This file was extended by lfs config.status 0.1.0, which was
generated by GNU Autoconf 2.69.  Invocation command line was

  CONFIG_FILES    = 
  CONFIG_HEADERS  = 
  CONFIG_LINKS    = 
  CONFIG_COMMANDS = 
  $ ./config.status test/dataserver/Makefile depfiles

on linlwpc

config.status:882: creating test/dataserver/Makefile
config.status:1111: executing depfiles commands

## ---------------------- ##
## Running config.status. ##
## ---------------------- ##

This file was extended by lfs config.status 0.1.0, which was
generated by GNU Autoconf 2.69.  Invocation command line was

  CONFIG_FILES    = 
  CONFIG_HEADERS  = 
  CONFIG_LINKS    = 
  CONFIG_COMMANDS = 
  $ ./config.status test/trackerserver/Makefile depfiles

on linlwpc

config.status:882: creating test/trackerserver/Makefile
config.status:1111: executing depfiles commands

## ---------------------- ##
## Running config.status. ##
## ---------------------- ##

This file was extended by lfs config.status 0.1.0, which was
generated by GNU Autoconf 2.69.  Invocation command line was

  CONFIG_FILES    = 
  CONFIG_HEADERS  = 
  CONFIG_LINKS    = 
  CONFIG_COMMANDS = 
  $ ./config.status src/trackerserver/Makefile depfiles

on linlwpc

config.status:882: creating src/trackerserver/Makefile
config.status:1111: executing depfiles commands

## ---------------------- ##
## Running config.status. ##
## ---------------------- ##

This file was extended by lfs config.status 0.1.0, which was
generated by GNU Autoconf 2.69.  Invocation command line was

  CONFIG_FILES    = 
  CONFIG_HEADERS  = 
  CONFIG_LINKS    = 
  CONFIG_COMMANDS = 
  $ ./config.status test/trackerserver/Makefile depfiles

on linlwpc

config.status:882: creating test/trackerserver/Makefile
config.status:1111: executing depfiles commands

## ---------------------- ##
## Running config.status. ##
## ---------------------- ##

This file was extended by lfs config.status 0.1.0, which was
generated by GNU Autoconf 2.69.  Invocation command line was

  CONFIG_FILES    = 
  CONFIG_HEADERS  = 
  CONFIG_LINKS    = 
  CONFIG_COMMANDS = 
  $ ./config.status test/trackerserver/Makefile depfiles

on linlwpc

config.status:882: creating test/trackerserver/Makefile
config.status:1111: executing depfiles commands

## ---------------------- ##
## Running config.status. ##
## ---------------------- ##

This file was extended by lfs config.status 0.1.0, which was
generated by GNU Autoconf 2.69.  Invocation command line was

  CONFIG_FILES    = 
  CONFIG_HEADERS  = 
  CONFIG_LINKS    = 
  CONFIG_COMMANDS = 
  $ ./config.status test/trackerserver/Makefile depfiles

on linlwpc

config.status:882: creating test/trackerserver/Makefile
config.status:1111: executing depfiles commands

## ---------------------- ##
## Running config.status. ##
## ---------------------- ##

This file was extended by lfs config.status 0.1.0, which was
generated by GNU Autoconf 2.69.  Invocation command line was

  CONFIG_FILES    = 
  CONFIG_HEADERS  = 
  CONFIG_LINKS    = 
  CONFIG_COMMANDS = 
  $ ./config.status test/trackerserver/Makefile depfiles

on linlwpc

config.status:882: creating test/trackerserver/Makefile
config.status:1111: executing depfiles commands

## ---------------------- ##
## Running config.status. ##
## ---------------------- ##

This file was extended by lfs config.status 0.1.0, which was
generated by GNU Autoconf 2.69.  Invocation command line was

  CONFIG_FILES    = 
  CONFIG_HEADERS  = 
  CONFIG_LINKS    = 
  CONFIG_COMMANDS = 
  $ ./config.status test/trackerserver/Makefile depfiles

on linlwpc

config.status:882: creating test/trackerserver/Makefile
config.status:1111: executing depfiles commands

## ---------------------- ##
## Running config.status. ##
## ---------------------- ##

This file was extended by lfs config.status 0.1.0, which was
generated by GNU Autoconf 2.69.  Invocation command line was

  CONFIG_FILES    = 
  CONFIG_HEADERS  = 
  CONFIG_LINKS    = 
  CONFIG_COMMANDS = 
  $ ./config.status test/trackerserver/Makefile depfiles

on linlwpc

config.status:882: creating test/trackerserver/Makefile
config.status:1111: executing depfiles commands

## ---------------------- ##
## Running config.status. ##
## ---------------------- ##

This file was extended by lfs config.status 0.1.0, which was
generated by GNU Autoconf 2.69.  Invocation command line was

  CONFIG_FILES    = 
  CONFIG_HEADERS  = 
  CONFIG_LINKS    = 
  CONFIG_COMMANDS = 
  $ ./config.status Makefile

on linlwpc

config.status:882: creating Makefile

## ---------------------- ##
## Running config.status. ##
## ---------------------- ##

This file was extended by lfs config.status 0.1.0, which was
generated by GNU Autoconf 2.69.  Invocation command line was

  CONFIG_FILES    = 
  CONFIG_HEADERS  = 
  CONFIG_LINKS    = 
  CONFIG_COMMANDS = 
  $ ./config.status src/Makefile

on linlwpc

config.status:882: creating src/Makefile

## ---------------------- ##
## Running config.status. ##
## ---------------------- ##

This file was extended by lfs config.status 0.1.0, which was
generated by GNU Autoconf 2.69.  Invocation command line was

  CONFIG_FILES    = 
  CONFIG_HEADERS  = 
  CONFIG_LINKS    = 
  CONFIG_COMMANDS = 
  $ ./config.status src/common/Makefile depfiles

on linlwpc

config.status:882: creating src/common/Makefile
config.status:1111: executing depfiles commands

## ---------------------- ##
## Running config.status. ##
## ---------------------- ##

This file was extended by lfs config.status 0.1.0, which was
generated by GNU Autoconf 2.69.  Invocation command line was

  CONFIG_FILES    = 
  CONFIG_HEADERS  = 
  CONFIG_LINKS    = 
  CONFIG_COMMANDS = 
  $ ./config.status src/dataserver/Makefile depfiles

on linlwpc

config.status:882: creating src/dataserver/Makefile
config.status:1111: executing depfiles commands

## ---------------------- ##
## Running config.status. ##
## ---------------------- ##

This file was extended by lfs config.status 0.1.0, which was
generated by GNU Autoconf 2.69.  Invocation command line was

  CONFIG_FILES    = 
  CONFIG_HEADERS  = 
  CONFIG_LINKS    = 
  CONFIG_COMMANDS = 
  $ ./config.status src/trackerserver/Makefile depfiles

on linlwpc

config.status:882: creating src/trackerserver/Makefile
config.status:1111: executing depfiles commands

## ---------------------- ##
## Running config.status. ##
## ---------------------- ##

This file was extended by lfs config.status 0.1.0, which was
generated by GNU Autoconf 2.69.  Invocation command line was

  CONFIG_FILES    = 
  CONFIG_HEADERS  = 
  CONFIG_LINKS    = 
  CONFIG_COMMANDS = 
  $ ./config.status test/Makefile

on linlwpc

config.status:882: creating test/Makefile

## ---------------------- ##
## Running config.status. ##
## ---------------------- ##

This file was extended by lfs config.status 0.1.0, which was
generated by GNU Autoconf 2.69.  Invocation command line was

  CONFIG_FILES    = 
  CONFIG_HEADERS  = 
  CONFIG_LINKS    = 
  CONFIG_COMMANDS = 
  $ ./config.status test/common/Makefile depfiles

on linlwpc

config.status:882: creating test/common/Makefile
config.status:1111: executing depfiles commands

## ---------------------- ##
## Running config.status. ##
## ---------------------- ##

This file was extended by lfs config.status 0.1.0, which was
generated by GNU Autoconf 2.69.  Invocation command line was

  CONFIG_FILES    = 
  CONFIG_HEADERS  = 
  CONFIG_LINKS    = 
  CONFIG_COMMANDS = 
  $ ./config.status test/dataserver/Makefile depfiles

on linlwpc

config.status:882: creating test/dataserver/Makefile
config.status:1111: executing depfiles commands

## ---------------------- ##
## Running config.status. ##
## ---------------------- ##

This file was extended by lfs config.status 0.1.0, which was
generated by GNU Autoconf 2.69.  Invocation command line was

  CONFIG_FILES    = 
  CONFIG_HEADERS  = 
  CONFIG_LINKS    = 
  CONFIG_COMMANDS = 
  $ ./config.status test/trackerserver/Makefile depfiles

on linlwpc

config.status:882: creating test/trackerserver/Makefile
config.status:1111: executing depfiles commands

## ---------------------- ##
## Running config.status. ##
## ---------------------- ##

This file was extended by lfs config.status 0.1.0, which was
generated by GNU Autoconf 2.69.  Invocation command line was

  CONFIG_FILES    = 
  CONFIG_HEADERS  = 
  CONFIG_LINKS    = 
  CONFIG_COMMANDS = 
  $ ./config.status Makefile

on linlwpc

config.status:882: creating Makefile

## ---------------------- ##
## Running config.status. ##
## ---------------------- ##

This file was extended by lfs config.status 0.1.0, which was
generated by GNU Autoconf 2.69.  Invocation command line was

  CONFIG_FILES    = 
  CONFIG_HEADERS  = 
  CONFIG_LINKS    = 
  CONFIG_COMMANDS = 
  $ ./config.status src/Makefile

on linlwpc

config.status:882: creating src/Makefile

## ---------------------- ##
## Running config.status. ##
## ---------------------- ##

This file was extended by lfs config.status 0.1.0, which was
generated by GNU Autoconf 2.69.  Invocation command line was

  CONFIG_FILES    = 
  CONFIG_HEADERS  = 
  CONFIG_LINKS    = 
  CONFIG_COMMANDS = 
  $ ./config.status src/common/Makefile depfiles

on linlwpc

config.status:882: creating src/common/Makefile
config.status:1111: executing depfiles commands

## ---------------------- ##
## Running config.status. ##
## ---------------------- ##

This file was extended by lfs config.status 0.1.0, which was
generated by GNU Autoconf 2.69.  Invocation command line was

  CONFIG_FILES    = 
  CONFIG_HEADERS  = 
  CONFIG_LINKS    = 
  CONFIG_COMMANDS = 
  $ ./config.status src/dataserver/Makefile depfiles

on linlwpc

config.status:882: creating src/dataserver/Makefile
config.status:1111: executing depfiles commands

## ---------------------- ##
## Running config.status. ##
## ---------------------- ##

This file was extended by lfs config.status 0.1.0, which was
generated by GNU Autoconf 2.69.  Invocation command line was

  CONFIG_FILES    = 
  CONFIG_HEADERS  = 
  CONFIG_LINKS    = 
  CONFIG_COMMANDS = 
  $ ./config.status src/trackerserver/Makefile depfiles

on linlwpc

config.status:882: creating src/trackerserver/Makefile
config.status:1111: executing depfiles commands

## ---------------------- ##
## Running config.status. ##
## ---------------------- ##

This file was extended by lfs config.status 0.1.0, which was
generated by GNU Autoconf 2.69.  Invocation command line was

  CONFIG_FILES    = 
  CONFIG_HEADERS  = 
  CONFIG_LINKS    = 
  CONFIG_COMMANDS = 
  $ ./config.status test/Makefile

on linlwpc

config.status:882: creating test/Makefile

## ---------------------- ##
## Running config.status. ##
## ---------------------- ##

This file was extended by lfs config.status 0.1.0, which was
generated by GNU Autoconf 2.69.  Invocation command line was

  CONFIG_FILES    = 
  CONFIG_HEADERS  = 
  CONFIG_LINKS    = 
  CONFIG_COMMANDS = 
  $ ./config.status test/common/Makefile depfiles

on linlwpc

config.status:882: creating test/common/Makefile
config.status:1111: executing depfiles commands

## ---------------------- ##
## Running config.status. ##
## ---------------------- ##

This file was extended by lfs config.status 0.1.0, which was
generated by GNU Autoconf 2.69.  Invocation command line was

  CONFIG_FILES    = 
  CONFIG_HEADERS  = 
  CONFIG_LINKS    = 
  CONFIG_COMMANDS = 
  $ ./config.status test/dataserver/Makefile depfiles

on linlwpc

config.status:882: creating test/dataserver/Makefile
config.status:1111: executing depfiles commands
